<?xml version="1.0" encoding="UTF-8"?>
<!-- Generated by org.testng.reporters.JUnitXMLReporter -->
<testsuite hostname="DESKTOP-SE400S0" name="Default test" tests="4" failures="0" timestamp="11 May 2021 08:50:36 GMT" time="9.234" errors="0">
  <testcase name="login" time="0.695" classname="Test.TestApi"/>
  <testcase name="getallProducts" time="2.211" classname="Test.TestApi"/>
  <testcase name="updateBulkProducts" time="0.59" classname="Test.TestApi"/>
  <testcase name="Logout" time="0.703" classname="Test.TestApi"/>
</testsuite> <!-- Default test -->
