<?xml version="1.0" encoding="UTF-8"?>
<testng-results skipped="0" failed="0" total="4" passed="4">
  <reporter-output>
  </reporter-output>
  <suite name="Default suite" duration-ms="9234" started-at="2021-05-11T08:50:26Z" finished-at="2021-05-11T08:50:36Z">
    <groups>
    </groups>
    <test name="Default test" duration-ms="9234" started-at="2021-05-11T08:50:26Z" finished-at="2021-05-11T08:50:36Z">
      <class name="Test.TestApi">
        <test-method status="PASS" signature="token()[pri:0, instance:Test.TestApi@53ca01a2]" name="token" is-config="true" duration-ms="4998" started-at="2021-05-11T14:20:26Z" finished-at="2021-05-11T14:20:31Z">
          <reporter-output>
          </reporter-output>
        </test-method> <!-- token -->
        <test-method status="PASS" signature="login()[pri:0, instance:Test.TestApi@53ca01a2]" name="login" duration-ms="695" started-at="2021-05-11T14:20:31Z" finished-at="2021-05-11T14:20:32Z">
          <reporter-output>
          </reporter-output>
        </test-method> <!-- login -->
        <test-method status="PASS" signature="getallProducts()[pri:1, instance:Test.TestApi@53ca01a2]" name="getallProducts" duration-ms="2211" started-at="2021-05-11T14:20:32Z" finished-at="2021-05-11T14:20:34Z">
          <reporter-output>
          </reporter-output>
        </test-method> <!-- getallProducts -->
        <test-method status="PASS" signature="updateBulkProducts()[pri:2, instance:Test.TestApi@53ca01a2]" name="updateBulkProducts" duration-ms="590" started-at="2021-05-11T14:20:34Z" finished-at="2021-05-11T14:20:35Z">
          <reporter-output>
          </reporter-output>
        </test-method> <!-- updateBulkProducts -->
        <test-method status="PASS" signature="Logout()[pri:3, instance:Test.TestApi@53ca01a2]" name="Logout" duration-ms="703" started-at="2021-05-11T14:20:35Z" finished-at="2021-05-11T14:20:36Z">
          <reporter-output>
          </reporter-output>
        </test-method> <!-- Logout -->
      </class> <!-- Test.TestApi -->
    </test> <!-- Default test -->
  </suite> <!-- Default suite -->
</testng-results>
